[debug] [2023-08-25T06:51:39.040Z] ----------------------------------------------------------------------
[debug] [2023-08-25T06:51:39.044Z] Command:       C:\Program Files\nodejs\node.exe C:\Users\Hp\AppData\Roaming\npm\node_modules\firebase-tools\lib\bin\firebase.js init
[debug] [2023-08-25T06:51:39.044Z] CLI Version:   12.5.2
[debug] [2023-08-25T06:51:39.045Z] Platform:      win32
[debug] [2023-08-25T06:51:39.045Z] Node Version:  v18.17.1
[debug] [2023-08-25T06:51:39.048Z] Time:          Fri Aug 25 2023 11:51:39 GMT+0500 (Pakistan Standard Time)
[debug] [2023-08-25T06:51:39.048Z] ----------------------------------------------------------------------
[debug] 
[debug] [2023-08-25T06:51:39.061Z] > command requires scopes: ["email","openid","https://www.googleapis.com/auth/cloudplatformprojects.readonly","https://www.googleapis.com/auth/firebase","https://www.googleapis.com/auth/cloud-platform"]
[debug] [2023-08-25T06:51:39.062Z] > authorizing via signed-in user (safiabano736@gmail.com)
[info] 
     ######## #### ########  ######## ########     ###     ######  ########
     ##        ##  ##     ## ##       ##     ##  ##   ##  ##       ##
     ######    ##  ########  ######   ########  #########  ######  ######
     ##        ##  ##    ##  ##       ##     ## ##     ##       ## ##
     ##       #### ##     ## ######## ########  ##     ##  ######  ########

You're about to initialize a Firebase project in this directory:

  C:\Users\Hp\Desktop\Responsive-calculator

[info] 
=== Project Setup
[info] 
[info] First, let's associate this project directory with a Firebase project.
[info] You can create multiple project aliases by running firebase use --add, 
[info] but for now we'll just set up a default project.
[info] 
[debug] [2023-08-25T06:56:33.152Z] > refreshing access token with scopes: []
[debug] [2023-08-25T06:56:33.155Z] >>> [apiv2][query] POST https://www.googleapis.com/oauth2/v3/token [none]
[debug] [2023-08-25T06:56:33.155Z] >>> [apiv2][body] POST https://www.googleapis.com/oauth2/v3/token [omitted]
[debug] [2023-08-25T06:56:33.702Z] <<< [apiv2][status] POST https://www.googleapis.com/oauth2/v3/token 200
[debug] [2023-08-25T06:56:33.702Z] <<< [apiv2][body] POST https://www.googleapis.com/oauth2/v3/token [omitted]
[debug] [2023-08-25T06:56:33.727Z] >>> [apiv2][query] GET https://firebase.googleapis.com/v1beta1/projects pageSize=100
[debug] [2023-08-25T06:56:34.599Z] <<< [apiv2][status] GET https://firebase.googleapis.com/v1beta1/projects 200
[debug] [2023-08-25T06:56:34.599Z] <<< [apiv2][body] GET https://firebase.googleapis.com/v1beta1/projects [omitted]
